#################################################################
# If you used AutoDock Vina in your work, please cite:          #
#                                                               #
# O. Trott, A. J. Olson,                                        #
# AutoDock Vina: improving the speed and accuracy of docking    #
# with a new scoring function, efficient optimization and       #
# multithreading, Journal of Computational Chemistry 31 (2010)  #
# 455-461                                                       #
#                                                               #
# DOI 10.1002/jcc.21334                                         #
#                                                               #
# Please see http://vina.scripps.edu for more information.      #
#################################################################

WARNING: The search space volume > 27000 Angstrom^3 (See FAQ)
Detected 16 CPUs
WARNING: at low exhaustiveness, it may be impossible to utilize all CPUs
Reading input ... done.
Setting up the scoring function ... done.
Analyzing the binding site ... done.
Using random seed: 1
Performing search ... done.
Refining results ... done.

mode |   affinity | dist from best mode
     | (kcal/mol) | rmsd l.b.| rmsd u.b.
-----+------------+----------+----------
   1         -7.9      0.000      0.000
   2         -7.8      2.002      6.511
   3         -7.6      2.840      4.846
   4         -7.6      0.977      6.685
   5         -7.3      1.854      2.458
   6         -7.0      3.865      5.900
   7         -6.9      3.802      5.709
   8         -6.8     14.762     17.479
   9         -6.7     37.793     38.786
  10         -6.5     19.719     23.412
  11         -6.5     25.339     26.954
  12         -6.5     46.639     49.033
  13         -6.3     16.411     18.083
  14         -6.2     11.462     15.018
  15         -6.2      4.361      6.701
  16         -6.1     18.844     21.979
  17         -6.1     11.549     14.894
  18         -6.1     34.332     35.310
  19         -6.0     23.557     26.899
  20         -6.0      3.838      6.325
Writing output ... done.
