#################################################################
# If you used AutoDock Vina in your work, please cite:          #
#                                                               #
# O. Trott, A. J. Olson,                                        #
# AutoDock Vina: improving the speed and accuracy of docking    #
# with a new scoring function, efficient optimization and       #
# multithreading, Journal of Computational Chemistry 31 (2010)  #
# 455-461                                                       #
#                                                               #
# DOI 10.1002/jcc.21334                                         #
#                                                               #
# Please see http://vina.scripps.edu for more information.      #
#################################################################

WARNING: The search space volume > 27000 Angstrom^3 (See FAQ)
Detected 16 CPUs
Reading input ... done.
Setting up the scoring function ... done.
Analyzing the binding site ... done.
Using random seed: 1
Performing search ... done.
Refining results ... done.

mode |   affinity | dist from best mode
     | (kcal/mol) | rmsd l.b.| rmsd u.b.
-----+------------+----------+----------
   1         -8.4      0.000      0.000
   2         -7.8      1.934      3.865
   3         -7.3      3.120      4.826
   4         -7.2      2.754      6.122
   5         -7.0      3.609      5.502
   6         -6.9      2.896      3.960
   7         -6.9      4.624      9.395
   8         -6.8      3.285      5.548
   9         -6.8      2.807      6.534
  10         -6.6     16.530     18.869
  11         -6.6      2.043      6.406
  12         -6.6      3.665      7.439
  13         -6.5     17.262     18.669
  14         -6.4      2.173      7.165
  15         -6.3     17.178     18.909
  16         -6.2     15.256     18.009
  17         -6.1     13.835     17.240
  18         -6.0     17.282     19.116
  19         -6.0      6.813      8.871
  20         -6.0     21.486     23.685
Writing output ... done.
